Info : clock speed 22090 kHz
Info : ICDI Firmware version: 1224
Info : tm4c1294ncpdt.cpu: hardware has 6 breakpoints, 4 watchpoints
Info : accepting 'gdb' connection from pipe
undefined debug reason 7 - target needs reset
adapter speed: 22090 kHz
target halted due to debug-request, current mode: Thread 
xPSR: 0x01000000 pc: 0x0000d950 msp: 0x200085b4
Info : halted: PC: 0x000028e4
Info : halted: PC: 0x0000e004
Info : halted: PC: 0x0000e004
Info : halted: PC: 0x000003bc
Info : halted: PC: 0x0000023a
Info : halted: PC: 0x0000023c
Info : halted: PC: 0x0000023e
Info : halted: PC: 0x00000240
Info : halted: PC: 0x00000242
Info : halted: PC: 0x00000244
Info : halted: PC: 0x00000246
Info : halted: PC: 0x00000248
Info : halted: PC: 0x0000024a
Info : halted: PC: 0x0000024c
Info : halted: PC: 0x0000024e
Info : halted: PC: 0x00000250
Info : halted: PC: 0x0000faec
Info : halted: PC: 0x00000256
Info : halted: PC: 0x00000258
Info : halted: PC: 0x0000025a
Info : halted: PC: 0x0000025c
Info : halted: PC: 0x0000025e
Info : halted: PC: 0x00000260
Info : halted: PC: 0x00000262
Info : halted: PC: 0x00000264
Info : halted: PC: 0x00000266
Info : halted: PC: 0x00000268
Info : halted: PC: 0x0000026a
Info : halted: PC: 0x0000026c
Info : halted: PC: 0x0000faec
Info : halted: PC: 0x00000272
Info : halted: PC: 0x00000274
Info : halted: PC: 0x00000276
Info : halted: PC: 0x00000278
Info : halted: PC: 0x0000027a
Info : halted: PC: 0x0000027c
Info : halted: PC: 0x0000027e
Info : halted: PC: 0x00000280
Info : halted: PC: 0x00000282
Info : halted: PC: 0x00000284
Info : halted: PC: 0x00000286
Info : halted: PC: 0x00000288
Info : halted: PC: 0x0000faec
Info : halted: PC: 0x0000028e
Info : halted: PC: 0x00000290
Info : halted: PC: 0x00000292
Info : halted: PC: 0x00000294
Info : halted: PC: 0x00000296
Info : halted: PC: 0x00000298
Info : halted: PC: 0x0000029a
Info : halted: PC: 0x0000029c
Info : halted: PC: 0x0000029e
Info : halted: PC: 0x000002a0
Info : halted: PC: 0x000002a2
Info : halted: PC: 0x000002a4
Info : halted: PC: 0x0000faec
Info : halted: PC: 0x000002aa
Info : halted: PC: 0x000002ac
Info : halted: PC: 0x000002ae
Info : halted: PC: 0x000002b0
Info : halted: PC: 0x000002b2
Info : halted: PC: 0x000002b4
Info : halted: PC: 0x000002b6
Info : halted: PC: 0x000002b8
Info : halted: PC: 0x000002ba
Info : halted: PC: 0x000002bc
Info : halted: PC: 0x000002be
Info : halted: PC: 0x000002c0
Info : halted: PC: 0x0000faec
Info : halted: PC: 0x000002c6
Info : halted: PC: 0x000002c8
Info : halted: PC: 0x000002ca
Info : halted: PC: 0x000002cc
Info : halted: PC: 0x000002ce
Info : halted: PC: 0x000002d0
Info : halted: PC: 0x000002d2
Info : halted: PC: 0x000002d4
Info : halted: PC: 0x000002d6
Info : halted: PC: 0x000002d8
Info : halted: PC: 0x000002da
Info : halted: PC: 0x000002dc
Info : halted: PC: 0x0000faec
Info : halted: PC: 0x000002e2
Info : halted: PC: 0x000002e4
Info : halted: PC: 0x000002e6
Info : halted: PC: 0x000002e8
Info : halted: PC: 0x000002ea
Info : halted: PC: 0x000002ec
Info : halted: PC: 0x000002ee
Info : halted: PC: 0x000002f0
Info : halted: PC: 0x000002f2
Info : halted: PC: 0x000002f4
Info : halted: PC: 0x000002f6
Info : halted: PC: 0x000002f8
Info : halted: PC: 0x0000faec
Info : halted: PC: 0x000014d4
Info : halted: PC: 0x00001c90
Info : halted: PC: 0x0000223c
Info : halted: PC: 0x0000fda4
Info : dropped 'gdb' connection
